AH00558: httpd: Could not reliably determine the server's fully qualified domain name, using fe80::5849:3c01:1d4e:b1df. Set the 'ServerName' directive globally to suppress this message
PHP Warning:  PHP Startup: Unable to load dynamic library 'mysqli' (tried: C:/Pirulug/WAMP/PHP/ext\\mysqli (No se puede encontrar el m\xc3\xb3dulo especificado), C:/Pirulug/WAMP/PHP/ext\\php_mysqli.dll (No se encontr\xc3\xb3 el proceso especificado)) in Unknown on line 0
PHP Warning:  PHP Startup: Unable to load dynamic library 'pdo_sqlite' (tried: C:/Pirulug/WAMP/PHP/ext\\pdo_sqlite (No se puede encontrar el m\xc3\xb3dulo especificado), C:/Pirulug/WAMP/PHP/ext\\php_pdo_sqlite.dll (No se encontr\xc3\xb3 el proceso especificado)) in Unknown on line 0
[Sat Feb 15 15:50:06.594101 2025] [mpm_winnt:notice] [pid 16296:tid 428] AH00455: Apache/2.4.63 (Win64) PHP/8.4.4 configured -- resuming normal operations
[Sat Feb 15 15:50:06.594101 2025] [mpm_winnt:notice] [pid 16296:tid 428] AH00456: Apache Lounge VS17 Server built: Feb  3 2025 10:10:51
[Sat Feb 15 15:50:06.594101 2025] [core:notice] [pid 16296:tid 428] AH00094: Command line: 'httpd -d C:/Pirulug/WAMP/Apache'
[Sat Feb 15 15:50:06.598102 2025] [mpm_winnt:notice] [pid 16296:tid 428] AH00418: Parent: Created child process 15316
AH00558: httpd.exe: Could not reliably determine the server's fully qualified domain name, using fe80::5849:3c01:1d4e:b1df. Set the 'ServerName' directive globally to suppress this message
Apache server shutdown initiated...
ly determine the server's fully qualified domain name, using fe80::5849:3c01:1d4e:b1df. Set the 'ServerName' directive globally to suppress this message
PHP Warning:  PHP Startup: Unable to load dynamic library 'mysqli' (tried: C:/Pirulug/WAMP/PHP/ext\\mysqli (No se puede encontrar el m\xc3\xb3dulo especificado), C:/Pirulug/WAMP/PHP/ext\\php_mysqli.dll (No se encontr\xc3\xb3 el proceso especificado)) in Unknown on line 0
PHP Warning:  PHP Startup: Unable to load dynamic library 'pdo_sqlite' (tried: C:/Pirulug/WAMP/PHP/ext\\pdo_sqlite (No se puede encontrar el m\xc3\xb3dulo especificado), C:/Pirulug/WAMP/PHP/ext\\php_pdo_sqlite.dll (No se encontr\xc3\xb3 el proceso especificado)) in Unknown on line 0
[Sat Feb 15 15:50:08.750719 2025] [mpm_winnt:notice] [pid 15316:tid 428] AH00354: Child: Starting 64 worker threads.
[Sat Feb 15 15:53:34.423860 2025] [mpm_winnt:notice] [pid 16296:tid 428] AH00422: Parent: Received shutdown signal -- Shutting down the server.
[Sat Feb 15 15:53:36.440843 2025] [mpm_winnt:notice] [pid 15316:tid 428] AH00364: Child: All worker threads have exited.
[Sat Feb 15 15:53:36.460943 2025] [mpm_winnt:notice] [pid 16296:tid 428] AH00430: Parent: Child process 15316 exited successfully.
AH00558: httpd: Could not reliably determine the server's fully qualified domain name, using fe80::5849:3c01:1d4e:b1df. Set the 'ServerName' directive globally to suppress this message
PHP Warning:  PHP Startup: Unable to load dynamic library 'mysqli' (tried: C:/Pirulug/WAMP/PHP/ext\\mysqli (No se puede encontrar el m\xc3\xb3dulo especificado), C:/Pirulug/WAMP/PHP/ext\\php_mysqli.dll (No se encontr\xc3\xb3 el proceso especificado)) in Unknown on line 0
PHP Warning:  PHP Startup: Unable to load dynamic library 'pdo_sqlite' (tried: C:/Pirulug/WAMP/PHP/ext\\pdo_sqlite (No se puede encontrar el m\xc3\xb3dulo especificado), C:/Pirulug/WAMP/PHP/ext\\php_pdo_sqlite.dll (No se encontr\xc3\xb3 el proceso especificado)) in Unknown on line 0
[Sat Feb 15 15:53:40.782167 2025] [mpm_winnt:notice] [pid 13176:tid 436] AH00455: Apache/2.4.63 (Win64) PHP/8.4.4 configured -- resuming normal operations
[Sat Feb 15 15:53:40.782167 2025] [mpm_winnt:notice] [pid 13176:tid 436] AH00456: Apache Lounge VS17 Server built: Feb  3 2025 10:10:51
[Sat Feb 15 15:53:40.782167 2025] [core:notice] [pid 13176:tid 436] AH00094: Command line: 'httpd -d C:/Pirulug/WAMP/Apache'
[Sat Feb 15 15:53:40.785165 2025] [mpm_winnt:notice] [pid 13176:tid 436] AH00418: Parent: Created child process 15856
AH00558: httpd.exe: Could not reliably determine the server's fully qualified domain name, using fe80::5849:3c01:1d4e:b1df. Set the 'ServerName' directive globally to suppress this message
Apache server shutdown initiated...
ly determine the server's fully qualified domain name, using fe80::5849:3c01:1d4e:b1df. Set the 'ServerName' directive globally to suppress this message
PHP Warning:  PHP Startup: Unable to load dynamic library 'mysqli' (tried: C:/Pirulug/WAMP/PHP/ext\\mysqli (No se puede encontrar el m\xc3\xb3dulo especificado), C:/Pirulug/WAMP/PHP/ext\\php_mysqli.dll (No se encontr\xc3\xb3 el proceso especificado)) in Unknown on line 0
PHP Warning:  PHP Startup: Unable to load dynamic library 'pdo_sqlite' (tried: C:/Pirulug/WAMP/PHP/ext\\pdo_sqlite (No se puede encontrar el m\xc3\xb3dulo especificado), C:/Pirulug/WAMP/PHP/ext\\php_pdo_sqlite.dll (No se encontr\xc3\xb3 el proceso especificado)) in Unknown on line 0
[Sat Feb 15 15:53:42.963792 2025] [mpm_winnt:notice] [pid 15856:tid 472] AH00354: Child: Starting 64 worker threads.
[Sat Feb 15 15:56:17.656733 2025] [mpm_winnt:notice] [pid 13176:tid 436] AH00422: Parent: Received shutdown signal -- Shutting down the server.
[Sat Feb 15 15:56:19.671680 2025] [mpm_winnt:notice] [pid 15856:tid 472] AH00364: Child: All worker threads have exited.
[Sat Feb 15 15:56:19.693201 2025] [mpm_winnt:notice] [pid 13176:tid 436] AH00430: Parent: Child process 15856 exited successfully.
AH00558: httpd: Could not reliably determine the server's fully qualified domain name, using fe80::5849:3c01:1d4e:b1df. Set the 'ServerName' directive globally to suppress this message
PHP Warning:  PHP Startup: Unable to load dynamic library 'mysqli' (tried: C:/Pirulug/WAMP/PHP/ext\\mysqli (No se puede encontrar el m\xc3\xb3dulo especificado), C:/Pirulug/WAMP/PHP/ext\\php_mysqli.dll (No se encontr\xc3\xb3 el proceso especificado)) in Unknown on line 0
PHP Warning:  PHP Startup: Unable to load dynamic library 'pdo_sqlite' (tried: C:/Pirulug/WAMP/PHP/ext\\pdo_sqlite (No se puede encontrar el m\xc3\xb3dulo especificado), C:/Pirulug/WAMP/PHP/ext\\php_pdo_sqlite.dll (No se encontr\xc3\xb3 el proceso especificado)) in Unknown on line 0
[Sat Feb 15 15:56:25.809720 2025] [mpm_winnt:notice] [pid 484:tid 452] AH00455: Apache/2.4.63 (Win64) PHP/8.4.4 configured -- resuming normal operations
[Sat Feb 15 15:56:25.809720 2025] [mpm_winnt:notice] [pid 484:tid 452] AH00456: Apache Lounge VS17 Server built: Feb  3 2025 10:10:51
[Sat Feb 15 15:56:25.809720 2025] [core:notice] [pid 484:tid 452] AH00094: Command line: 'httpd -d C:/Pirulug/WAMP/Apache'
[Sat Feb 15 15:56:25.812814 2025] [mpm_winnt:notice] [pid 484:tid 452] AH00418: Parent: Created child process 7908
AH00558: httpd.exe: Could not reliably determine the server's fully qualified domain name, using fe80::5849:3c01:1d4e:b1df. Set the 'ServerName' directive globally to suppress this message
Apache server shutdown initiated...
ly determine the server's fully qualified domain name, using fe80::5849:3c01:1d4e:b1df. Set the 'ServerName' directive globally to suppress this message
PHP Warning:  PHP Startup: Unable to load dynamic library 'mysqli' (tried: C:/Pirulug/WAMP/PHP/ext\\mysqli (No se puede encontrar el m\xc3\xb3dulo especificado), C:/Pirulug/WAMP/PHP/ext\\php_mysqli.dll (No se encontr\xc3\xb3 el proceso especificado)) in Unknown on line 0
PHP Warning:  PHP Startup: Unable to load dynamic library 'pdo_sqlite' (tried: C:/Pirulug/WAMP/PHP/ext\\pdo_sqlite (No se puede encontrar el m\xc3\xb3dulo especificado), C:/Pirulug/WAMP/PHP/ext\\php_pdo_sqlite.dll (No se encontr\xc3\xb3 el proceso especificado)) in Unknown on line 0
[Sat Feb 15 15:56:37.007259 2025] [mpm_winnt:notice] [pid 7908:tid 452] AH00354: Child: Starting 64 worker threads.
[Sat Feb 15 15:56:55.326710 2025] [mpm_winnt:notice] [pid 484:tid 452] AH00422: Parent: Received shutdown signal -- Shutting down the server.
[Sat Feb 15 15:56:57.343221 2025] [mpm_winnt:notice] [pid 7908:tid 452] AH00364: Child: All worker threads have exited.
[Sat Feb 15 15:56:57.363495 2025] [mpm_winnt:notice] [pid 484:tid 452] AH00430: Parent: Child process 7908 exited successfully.
AH00558: httpd.exe: Could not reliably determine the server's fully qualified domain name, using fe80::5849:3c01:1d4e:b1df. Set the 'ServerName' directive globally to suppress this message
PHP Warning:  PHP Startup: Unable to load dynamic library 'mysqli' (tried: C:/Pirulug/WAMP/PHP/ext\\mysqli (No se puede encontrar el m\xc3\xb3dulo especificado), C:/Pirulug/WAMP/PHP/ext\\php_mysqli.dll (No se encontr\xc3\xb3 el proceso especificado)) in Unknown on line 0
PHP Warning:  PHP Startup: Unable to load dynamic library 'pdo_sqlite' (tried: C:/Pirulug/WAMP/PHP/ext\\pdo_sqlite (No se puede encontrar el m\xc3\xb3dulo especificado), C:/Pirulug/WAMP/PHP/ext\\php_pdo_sqlite.dll (No se encontr\xc3\xb3 el proceso especificado)) in Unknown on line 0
[Sat Feb 15 15:57:10.264204 2025] [mpm_winnt:notice] [pid 11448:tid 488] AH00455: Apache/2.4.63 (Win64) PHP/8.4.4 configured -- resuming normal operations
[Sat Feb 15 15:57:10.264204 2025] [mpm_winnt:notice] [pid 11448:tid 488] AH00456: Apache Lounge VS17 Server built: Feb  3 2025 10:10:51
[Sat Feb 15 15:57:10.264204 2025] [core:notice] [pid 11448:tid 488] AH00094: Command line: 'C:\\Pirulug\\WAMP\\Apache\\bin\\httpd.exe -d C:/Pirulug/WAMP/Apache'
[Sat Feb 15 15:57:10.268205 2025] [mpm_winnt:notice] [pid 11448:tid 488] AH00418: Parent: Created child process 13164
AH00558: httpd.exe: Could not reliably determine the server's fully qualified domain name, using fe80::5849:3c01:1d4e:b1df. Set the 'ServerName' directive globally to suppress this message
Apache server shutdown initiated...
ly determine the server's fully qualified domain name, using fe80::5849:3c01:1d4e:b1df. Set the 'ServerName' directive globally to suppress this message
PHP Warning:  PHP Startup: Unable to load dynamic library 'mysqli' (tried: C:/Pirulug/WAMP/PHP/ext\\mysqli (No se puede encontrar el m\xc3\xb3dulo especificado), C:/Pirulug/WAMP/PHP/ext\\php_mysqli.dll (No se encontr\xc3\xb3 el proceso especificado)) in Unknown on line 0
PHP Warning:  PHP Startup: Unable to load dynamic library 'pdo_sqlite' (tried: C:/Pirulug/WAMP/PHP/ext\\pdo_sqlite (No se puede encontrar el m\xc3\xb3dulo especificado), C:/Pirulug/WAMP/PHP/ext\\php_pdo_sqlite.dll (No se encontr\xc3\xb3 el proceso especificado)) in Unknown on line 0
[Sat Feb 15 15:57:12.069645 2025] [mpm_winnt:notice] [pid 13164:tid 492] AH00354: Child: Starting 64 worker threads.
[Sat Feb 15 15:57:16.741357 2025] [mpm_winnt:notice] [pid 11448:tid 488] AH00422: Parent: Received shutdown signal -- Shutting down the server.
[Sat Feb 15 15:57:18.759966 2025] [mpm_winnt:notice] [pid 13164:tid 492] AH00364: Child: All worker threads have exited.
[Sat Feb 15 15:57:18.781600 2025] [mpm_winnt:notice] [pid 11448:tid 488] AH00430: Parent: Child process 13164 exited successfully.
AH00558: httpd: Could not reliably determine the server's fully qualified domain name, using fe80::5849:3c01:1d4e:b1df. Set the 'ServerName' directive globally to suppress this message
PHP Warning:  PHP Startup: Unable to load dynamic library 'mysqli' (tried: C:/Pirulug/WAMP/PHP/ext\\mysqli (No se puede encontrar el m\xc3\xb3dulo especificado), C:/Pirulug/WAMP/PHP/ext\\php_mysqli.dll (No se encontr\xc3\xb3 el proceso especificado)) in Unknown on line 0
PHP Warning:  PHP Startup: Unable to load dynamic library 'pdo_sqlite' (tried: C:/Pirulug/WAMP/PHP/ext\\pdo_sqlite (No se puede encontrar el m\xc3\xb3dulo especificado), C:/Pirulug/WAMP/PHP/ext\\php_pdo_sqlite.dll (No se encontr\xc3\xb3 el proceso especificado)) in Unknown on line 0
[Sat Feb 15 15:59:51.455408 2025] [mpm_winnt:notice] [pid 10308:tid 468] AH00455: Apache/2.4.63 (Win64) PHP/8.4.4 configured -- resuming normal operations
[Sat Feb 15 15:59:51.455408 2025] [mpm_winnt:notice] [pid 10308:tid 468] AH00456: Apache Lounge VS17 Server built: Feb  3 2025 10:10:51
[Sat Feb 15 15:59:51.455408 2025] [core:notice] [pid 10308:tid 468] AH00094: Command line: 'httpd -d C:/Pirulug/WAMP/Apache'
[Sat Feb 15 15:59:51.458408 2025] [mpm_winnt:notice] [pid 10308:tid 468] AH00418: Parent: Created child process 5432
AH00558: httpd.exe: Could not reliably determine the server's fully qualified domain name, using fe80::5849:3c01:1d4e:b1df. Set the 'ServerName' directive globally to suppress this message
Apache server shutdown initiated...
ly determine the server's fully qualified domain name, using fe80::5849:3c01:1d4e:b1df. Set the 'ServerName' directive globally to suppress this message
PHP Warning:  PHP Startup: Unable to load dynamic library 'mysqli' (tried: C:/Pirulug/WAMP/PHP/ext\\mysqli (No se puede encontrar el m\xc3\xb3dulo especificado), C:/Pirulug/WAMP/PHP/ext\\php_mysqli.dll (No se encontr\xc3\xb3 el proceso especificado)) in Unknown on line 0
PHP Warning:  PHP Startup: Unable to load dynamic library 'pdo_sqlite' (tried: C:/Pirulug/WAMP/PHP/ext\\pdo_sqlite (No se puede encontrar el m\xc3\xb3dulo especificado), C:/Pirulug/WAMP/PHP/ext\\php_pdo_sqlite.dll (No se encontr\xc3\xb3 el proceso especificado)) in Unknown on line 0
[Sat Feb 15 15:59:52.851243 2025] [mpm_winnt:notice] [pid 5432:tid 444] AH00354: Child: Starting 64 worker threads.
[Sat Feb 15 16:00:59.375934 2025] [mpm_winnt:notice] [pid 10308:tid 468] AH00422: Parent: Received shutdown signal -- Shutting down the server.
[Sat Feb 15 16:01:01.393266 2025] [mpm_winnt:notice] [pid 5432:tid 444] AH00364: Child: All worker threads have exited.
[Sat Feb 15 16:01:01.412995 2025] [mpm_winnt:notice] [pid 10308:tid 468] AH00430: Parent: Child process 5432 exited successfully.
AH00558: httpd: Could not reliably determine the server's fully qualified domain name, using fe80::5849:3c01:1d4e:b1df. Set the 'ServerName' directive globally to suppress this message
[Sat Feb 15 16:04:14.529875 2025] [mpm_winnt:notice] [pid 3220:tid 432] AH00455: Apache/2.4.63 (Win64) PHP/8.4.4 configured -- resuming normal operations
[Sat Feb 15 16:04:14.529875 2025] [mpm_winnt:notice] [pid 3220:tid 432] AH00456: Apache Lounge VS17 Server built: Feb  3 2025 10:10:51
[Sat Feb 15 16:04:14.529875 2025] [core:notice] [pid 3220:tid 432] AH00094: Command line: 'httpd -d C:/Pirulug/WAMP/Apache'
[Sat Feb 15 16:04:14.532937 2025] [mpm_winnt:notice] [pid 3220:tid 432] AH00418: Parent: Created child process 2296
AH00558: httpd.exe: Could not reliably determine the server's fully qualified domain name, using fe80::5849:3c01:1d4e:b1df. Set the 'ServerName' directive globally to suppress this message
Apache server shutdown initiated...
ly determine the server's fully qualified domain name, using fe80::5849:3c01:1d4e:b1df. Set the 'ServerName' directive globally to suppress this message
[Sat Feb 15 16:04:14.809747 2025] [mpm_winnt:notice] [pid 2296:tid 444] AH00354: Child: Starting 64 worker threads.
[Sat Feb 15 16:20:30.974949 2025] [mpm_winnt:notice] [pid 3220:tid 432] AH00422: Parent: Received shutdown signal -- Shutting down the server.
[Sat Feb 15 16:20:32.984730 2025] [mpm_winnt:notice] [pid 2296:tid 444] AH00364: Child: All worker threads have exited.
[Sat Feb 15 16:20:33.005866 2025] [mpm_winnt:notice] [pid 3220:tid 432] AH00430: Parent: Child process 2296 exited successfully.
AH00558: httpd.exe: Could not reliably determine the server's fully qualified domain name, using fe80::5849:3c01:1d4e:b1df. Set the 'ServerName' directive globally to suppress this message
[Sat Feb 15 16:24:38.500848 2025] [mpm_winnt:notice] [pid 7920:tid 432] AH00455: Apache/2.4.63 (Win64) PHP/8.4.4 configured -- resuming normal operations
[Sat Feb 15 16:24:38.500848 2025] [mpm_winnt:notice] [pid 7920:tid 432] AH00456: Apache Lounge VS17 Server built: Feb  3 2025 10:10:51
[Sat Feb 15 16:24:38.500848 2025] [core:notice] [pid 7920:tid 432] AH00094: Command line: 'httpd.exe -d C:/Pirulug/WAMP/Apache'
[Sat Feb 15 16:24:38.503860 2025] [mpm_winnt:notice] [pid 7920:tid 432] AH00418: Parent: Created child process 3120
AH00558: httpd.exe: Could not reliably determine the server's fully qualified domain name, using fe80::5849:3c01:1d4e:b1df. Set the 'ServerName' directive globally to suppress this message
Apache server shutdown initiated...
ly determine the server's fully qualified domain name, using fe80::5849:3c01:1d4e:b1df. Set the 'ServerName' directive globally to suppress this message
[Sat Feb 15 16:24:38.768211 2025] [mpm_winnt:notice] [pid 3120:tid 460] AH00354: Child: Starting 64 worker threads.
[Sat Feb 15 16:32:03.126480 2025] [mpm_winnt:notice] [pid 7920:tid 432] AH00422: Parent: Received shutdown signal -- Shutting down the server.
[Sat Feb 15 16:32:05.150517 2025] [mpm_winnt:notice] [pid 3120:tid 460] AH00364: Child: All worker threads have exited.
[Sat Feb 15 16:32:05.181549 2025] [mpm_winnt:notice] [pid 7920:tid 432] AH00430: Parent: Child process 3120 exited successfully.
AH00558: httpd.exe: Could not reliably determine the server's fully qualified domain name, using fe80::5849:3c01:1d4e:b1df. Set the 'ServerName' directive globally to suppress this message
[Sat Feb 15 16:32:09.406507 2025] [mpm_winnt:notice] [pid 6580:tid 456] AH00455: Apache/2.4.63 (Win64) PHP/8.4.4 configured -- resuming normal operations
[Sat Feb 15 16:32:09.406507 2025] [mpm_winnt:notice] [pid 6580:tid 456] AH00456: Apache Lounge VS17 Server built: Feb  3 2025 10:10:51
[Sat Feb 15 16:32:09.406507 2025] [core:notice] [pid 6580:tid 456] AH00094: Command line: 'httpd.exe -d C:/Pirulug/WAMP/Apache'
[Sat Feb 15 16:32:09.414508 2025] [mpm_winnt:notice] [pid 6580:tid 456] AH00418: Parent: Created child process 692
AH00558: httpd.exe: Could not reliably determine the server's fully qualified domain name, using fe80::5849:3c01:1d4e:b1df. Set the 'ServerName' directive globally to suppress this message
Apache server shutdown initiated...
ly determine the server's fully qualified domain name, using fe80::5849:3c01:1d4e:b1df. Set the 'ServerName' directive globally to suppress this message
[Sat Feb 15 16:32:10.053703 2025] [mpm_winnt:notice] [pid 692:tid 432] AH00354: Child: Starting 64 worker threads.
[Sat Feb 15 16:33:19.143182 2025] [mpm_winnt:notice] [pid 6580:tid 456] AH00422: Parent: Received shutdown signal -- Shutting down the server.
[Sat Feb 15 16:33:21.160422 2025] [mpm_winnt:notice] [pid 692:tid 432] AH00364: Child: All worker threads have exited.
[Sat Feb 15 16:33:21.194975 2025] [mpm_winnt:notice] [pid 6580:tid 456] AH00430: Parent: Child process 692 exited successfully.
AH00558: httpd.exe: Could not reliably determine the server's fully qualified domain name, using fe80::5849:3c01:1d4e:b1df. Set the 'ServerName' directive globally to suppress this message
PHP Warning:  PHP Startup: Unable to load dynamic library 'curl' (tried: C:/Pirulug/WAMP/PHP/ext\\curl (No se puede encontrar el m\xc3\xb3dulo especificado), C:/Pirulug/WAMP/PHP/ext\\php_curl.dll (No se encontr\xc3\xb3 el proceso especificado)) in Unknown on line 0
PHP Warning:  PHP Startup: Unable to load dynamic library 'sodium' (tried: C:/Pirulug/WAMP/PHP/ext\\sodium (No se puede encontrar el m\xc3\xb3dulo especificado), C:/Pirulug/WAMP/PHP/ext\\php_sodium.dll (No se encontr\xc3\xb3 el proceso especificado)) in Unknown on line 0
[Sat Feb 15 16:33:33.211761 2025] [mpm_winnt:notice] [pid 9536:tid 444] AH00455: Apache/2.4.63 (Win64) PHP/8.4.4 configured -- resuming normal operations
[Sat Feb 15 16:33:33.211761 2025] [mpm_winnt:notice] [pid 9536:tid 444] AH00456: Apache Lounge VS17 Server built: Feb  3 2025 10:10:51
[Sat Feb 15 16:33:33.211761 2025] [core:notice] [pid 9536:tid 444] AH00094: Command line: 'httpd.exe -d C:/Pirulug/WAMP/Apache'
[Sat Feb 15 16:33:33.216745 2025] [mpm_winnt:notice] [pid 9536:tid 444] AH00418: Parent: Created child process 13812
AH00558: httpd.exe: Could not reliably determine the server's fully qualified domain name, using fe80::5849:3c01:1d4e:b1df. Set the 'ServerName' directive globally to suppress this message
Apache server shutdown initiated...
ly determine the server's fully qualified domain name, using fe80::5849:3c01:1d4e:b1df. Set the 'ServerName' directive globally to suppress this message
PHP Warning:  PHP Startup: Unable to load dynamic library 'curl' (tried: C:/Pirulug/WAMP/PHP/ext\\curl (No se puede encontrar el m\xc3\xb3dulo especificado), C:/Pirulug/WAMP/PHP/ext\\php_curl.dll (No se encontr\xc3\xb3 el proceso especificado)) in Unknown on line 0
PHP Warning:  PHP Startup: Unable to load dynamic library 'sodium' (tried: C:/Pirulug/WAMP/PHP/ext\\sodium (No se puede encontrar el m\xc3\xb3dulo especificado), C:/Pirulug/WAMP/PHP/ext\\php_sodium.dll (No se encontr\xc3\xb3 el proceso especificado)) in Unknown on line 0
[Sat Feb 15 16:33:35.742021 2025] [mpm_winnt:notice] [pid 13812:tid 448] AH00354: Child: Starting 64 worker threads.
[Sat Feb 15 16:37:03.977671 2025] [mpm_winnt:notice] [pid 9536:tid 444] AH00422: Parent: Received shutdown signal -- Shutting down the server.
[Sat Feb 15 16:37:05.989811 2025] [mpm_winnt:notice] [pid 13812:tid 448] AH00364: Child: All worker threads have exited.
[Sat Feb 15 16:37:06.028738 2025] [mpm_winnt:notice] [pid 9536:tid 444] AH00430: Parent: Child process 13812 exited successfully.
AH00558: httpd.exe: Could not reliably determine the server's fully qualified domain name, using fe80::5849:3c01:1d4e:b1df. Set the 'ServerName' directive globally to suppress this message
PHP Warning:  PHP Startup: Unable to load dynamic library 'curl' (tried: C:/Pirulug/WAMP/PHP/ext\\curl (No se puede encontrar el m\xc3\xb3dulo especificado), C:/Pirulug/WAMP/PHP/ext\\php_curl.dll (No se encontr\xc3\xb3 el proceso especificado)) in Unknown on line 0
PHP Warning:  PHP Startup: Unable to load dynamic library 'sodium' (tried: C:/Pirulug/WAMP/PHP/ext\\sodium (No se puede encontrar el m\xc3\xb3dulo especificado), C:/Pirulug/WAMP/PHP/ext\\php_sodium.dll (No se encontr\xc3\xb3 el proceso especificado)) in Unknown on line 0
[Sat Feb 15 16:37:24.045417 2025] [mpm_winnt:notice] [pid 14728:tid 448] AH00455: Apache/2.4.63 (Win64) PHP/8.4.4 configured -- resuming normal operations
[Sat Feb 15 16:37:24.045417 2025] [mpm_winnt:notice] [pid 14728:tid 448] AH00456: Apache Lounge VS17 Server built: Feb  3 2025 10:10:51
[Sat Feb 15 16:37:24.045417 2025] [core:notice] [pid 14728:tid 448] AH00094: Command line: 'httpd.exe -d C:/Pirulug/WAMP/Apache'
[Sat Feb 15 16:37:24.050418 2025] [mpm_winnt:notice] [pid 14728:tid 448] AH00418: Parent: Created child process 5288
AH00558: httpd.exe: Could not reliably determine the server's fully qualified domain name, using fe80::5849:3c01:1d4e:b1df. Set the 'ServerName' directive globally to suppress this message
Apache server shutdown initiated...
ly determine the server's fully qualified domain name, using fe80::5849:3c01:1d4e:b1df. Set the 'ServerName' directive globally to suppress this message
PHP Warning:  PHP Startup: Unable to load dynamic library 'curl' (tried: C:/Pirulug/WAMP/PHP/ext\\curl (No se puede encontrar el m\xc3\xb3dulo especificado), C:/Pirulug/WAMP/PHP/ext\\php_curl.dll (No se encontr\xc3\xb3 el proceso especificado)) in Unknown on line 0
PHP Warning:  PHP Startup: Unable to load dynamic library 'sodium' (tried: C:/Pirulug/WAMP/PHP/ext\\sodium (No se puede encontrar el m\xc3\xb3dulo especificado), C:/Pirulug/WAMP/PHP/ext\\php_sodium.dll (No se encontr\xc3\xb3 el proceso especificado)) in Unknown on line 0
[Sat Feb 15 16:37:26.594563 2025] [mpm_winnt:notice] [pid 5288:tid 448] AH00354: Child: Starting 64 worker threads.
[Sat Feb 15 16:38:59.775983 2025] [mpm_winnt:notice] [pid 14728:tid 448] AH00422: Parent: Received shutdown signal -- Shutting down the server.
[Sat Feb 15 16:39:01.807326 2025] [mpm_winnt:notice] [pid 5288:tid 448] AH00364: Child: All worker threads have exited.
[Sat Feb 15 16:39:01.831283 2025] [mpm_winnt:notice] [pid 14728:tid 448] AH00430: Parent: Child process 5288 exited successfully.
AH00558: httpd.exe: Could not reliably determine the server's fully qualified domain name, using fe80::5849:3c01:1d4e:b1df. Set the 'ServerName' directive globally to suppress this message
PHP Warning:  PHP Startup: Unable to load dynamic library 'curl' (tried: C:/Pirulug/WAMP/PHP/ext\\curl (No se puede encontrar el m\xc3\xb3dulo especificado), C:/Pirulug/WAMP/PHP/ext\\php_curl.dll (No se encontr\xc3\xb3 el proceso especificado)) in Unknown on line 0
PHP Warning:  PHP Startup: Unable to load dynamic library 'sodium' (tried: C:/Pirulug/WAMP/PHP/ext\\sodium (No se puede encontrar el m\xc3\xb3dulo especificado), C:/Pirulug/WAMP/PHP/ext\\php_sodium.dll (No se encontr\xc3\xb3 el proceso especificado)) in Unknown on line 0
[Sat Feb 15 16:39:08.697297 2025] [mpm_winnt:notice] [pid 14332:tid 424] AH00455: Apache/2.4.63 (Win64) PHP/8.4.4 configured -- resuming normal operations
[Sat Feb 15 16:39:08.698296 2025] [mpm_winnt:notice] [pid 14332:tid 424] AH00456: Apache Lounge VS17 Server built: Feb  3 2025 10:10:51
[Sat Feb 15 16:39:08.698296 2025] [core:notice] [pid 14332:tid 424] AH00094: Command line: 'httpd.exe -d C:/Pirulug/WAMP/Apache'
[Sat Feb 15 16:39:08.704300 2025] [mpm_winnt:notice] [pid 14332:tid 424] AH00418: Parent: Created child process 7052
AH00558: httpd.exe: Could not reliably determine the server's fully qualified domain name, using fe80::5849:3c01:1d4e:b1df. Set the 'ServerName' directive globally to suppress this message
Apache server shutdown initiated...
ly determine the server's fully qualified domain name, using fe80::5849:3c01:1d4e:b1df. Set the 'ServerName' directive globally to suppress this message
PHP Warning:  PHP Startup: Unable to load dynamic library 'curl' (tried: C:/Pirulug/WAMP/PHP/ext\\curl (No se puede encontrar el m\xc3\xb3dulo especificado), C:/Pirulug/WAMP/PHP/ext\\php_curl.dll (No se encontr\xc3\xb3 el proceso especificado)) in Unknown on line 0
PHP Warning:  PHP Startup: Unable to load dynamic library 'sodium' (tried: C:/Pirulug/WAMP/PHP/ext\\sodium (No se puede encontrar el m\xc3\xb3dulo especificado), C:/Pirulug/WAMP/PHP/ext\\php_sodium.dll (No se encontr\xc3\xb3 el proceso especificado)) in Unknown on line 0
[Sat Feb 15 16:39:11.152435 2025] [mpm_winnt:notice] [pid 7052:tid 472] AH00354: Child: Starting 64 worker threads.
[Sat Feb 15 16:39:12.294700 2025] [mpm_winnt:notice] [pid 14332:tid 424] AH00422: Parent: Received shutdown signal -- Shutting down the server.
[Sat Feb 15 16:39:14.309894 2025] [mpm_winnt:notice] [pid 7052:tid 472] AH00364: Child: All worker threads have exited.
[Sat Feb 15 16:39:14.339807 2025] [mpm_winnt:notice] [pid 14332:tid 424] AH00430: Parent: Child process 7052 exited successfully.
AH00558: httpd.exe: Could not reliably determine the server's fully qualified domain name, using fe80::5849:3c01:1d4e:b1df. Set the 'ServerName' directive globally to suppress this message
PHP Warning:  PHP Startup: Unable to load dynamic library 'php_curl' (tried: C:/Pirulug/WAMP/PHP/ext\\php_curl (No se encontr\xc3\xb3 el proceso especificado), C:/Pirulug/WAMP/PHP/ext\\php_php_curl.dll (No se puede encontrar el m\xc3\xb3dulo especificado)) in Unknown on line 0
PHP Warning:  PHP Startup: Unable to load dynamic library 'sodium' (tried: C:/Pirulug/WAMP/PHP/ext\\sodium (No se puede encontrar el m\xc3\xb3dulo especificado), C:/Pirulug/WAMP/PHP/ext\\php_sodium.dll (No se encontr\xc3\xb3 el proceso especificado)) in Unknown on line 0
[Sat Feb 15 16:39:30.707466 2025] [mpm_winnt:notice] [pid 9852:tid 468] AH00455: Apache/2.4.63 (Win64) PHP/8.4.4 configured -- resuming normal operations
[Sat Feb 15 16:39:30.707466 2025] [mpm_winnt:notice] [pid 9852:tid 468] AH00456: Apache Lounge VS17 Server built: Feb  3 2025 10:10:51
[Sat Feb 15 16:39:30.707466 2025] [core:notice] [pid 9852:tid 468] AH00094: Command line: 'httpd.exe -d C:/Pirulug/WAMP/Apache'
[Sat Feb 15 16:39:30.714469 2025] [mpm_winnt:notice] [pid 9852:tid 468] AH00418: Parent: Created child process 11100
AH00558: httpd.exe: Could not reliably determine the server's fully qualified domain name, using fe80::5849:3c01:1d4e:b1df. Set the 'ServerName' directive globally to suppress this message
Apache server shutdown initiated...
ly determine the server's fully qualified domain name, using fe80::5849:3c01:1d4e:b1df. Set the 'ServerName' directive globally to suppress this message
PHP Warning:  PHP Startup: Unable to load dynamic library 'php_curl' (tried: C:/Pirulug/WAMP/PHP/ext\\php_curl (No se encontr\xc3\xb3 el proceso especificado), C:/Pirulug/WAMP/PHP/ext\\php_php_curl.dll (No se puede encontrar el m\xc3\xb3dulo especificado)) in Unknown on line 0
PHP Warning:  PHP Startup: Unable to load dynamic library 'sodium' (tried: C:/Pirulug/WAMP/PHP/ext\\sodium (No se puede encontrar el m\xc3\xb3dulo especificado), C:/Pirulug/WAMP/PHP/ext\\php_sodium.dll (No se encontr\xc3\xb3 el proceso especificado)) in Unknown on line 0
[Sat Feb 15 16:39:34.140890 2025] [mpm_winnt:notice] [pid 11100:tid 448] AH00354: Child: Starting 64 worker threads.
[Sat Feb 15 16:39:35.326767 2025] [mpm_winnt:notice] [pid 9852:tid 468] AH00422: Parent: Received shutdown signal -- Shutting down the server.
[Sat Feb 15 16:39:37.353662 2025] [mpm_winnt:notice] [pid 11100:tid 448] AH00364: Child: All worker threads have exited.
[Sat Feb 15 16:39:37.396993 2025] [mpm_winnt:notice] [pid 9852:tid 468] AH00430: Parent: Child process 11100 exited successfully.
AH00558: httpd.exe: Could not reliably determine the server's fully qualified domain name, using fe80::5849:3c01:1d4e:b1df. Set the 'ServerName' directive globally to suppress this message
PHP Warning:  PHP Startup: Unable to load dynamic library 'php_curl' (tried: C:/Pirulug/WAMP/PHP/ext\\php_curl (No se encontr\xc3\xb3 el proceso especificado), C:/Pirulug/WAMP/PHP/ext\\php_php_curl.dll (No se puede encontrar el m\xc3\xb3dulo especificado)) in Unknown on line 0
PHP Warning:  PHP Startup: Unable to load dynamic library 'php_sodium' (tried: C:/Pirulug/WAMP/PHP/ext\\php_sodium (No se encontr\xc3\xb3 el proceso especificado), C:/Pirulug/WAMP/PHP/ext\\php_php_sodium.dll (No se puede encontrar el m\xc3\xb3dulo especificado)) in Unknown on line 0
[Sat Feb 15 16:39:52.486654 2025] [mpm_winnt:notice] [pid 14180:tid 424] AH00455: Apache/2.4.63 (Win64) PHP/8.4.4 configured -- resuming normal operations
[Sat Feb 15 16:39:52.487655 2025] [mpm_winnt:notice] [pid 14180:tid 424] AH00456: Apache Lounge VS17 Server built: Feb  3 2025 10:10:51
[Sat Feb 15 16:39:52.487655 2025] [core:notice] [pid 14180:tid 424] AH00094: Command line: 'httpd.exe -d C:/Pirulug/WAMP/Apache'
[Sat Feb 15 16:39:52.492656 2025] [mpm_winnt:notice] [pid 14180:tid 424] AH00418: Parent: Created child process 11588
AH00558: httpd.exe: Could not reliably determine the server's fully qualified domain name, using fe80::5849:3c01:1d4e:b1df. Set the 'ServerName' directive globally to suppress this message
Apache server shutdown initiated...
ly determine the server's fully qualified domain name, using fe80::5849:3c01:1d4e:b1df. Set the 'ServerName' directive globally to suppress this message
PHP Warning:  PHP Startup: Unable to load dynamic library 'php_curl' (tried: C:/Pirulug/WAMP/PHP/ext\\php_curl (No se encontr\xc3\xb3 el proceso especificado), C:/Pirulug/WAMP/PHP/ext\\php_php_curl.dll (No se puede encontrar el m\xc3\xb3dulo especificado)) in Unknown on line 0
PHP Warning:  PHP Startup: Unable to load dynamic library 'php_sodium' (tried: C:/Pirulug/WAMP/PHP/ext\\php_sodium (No se encontr\xc3\xb3 el proceso especificado), C:/Pirulug/WAMP/PHP/ext\\php_php_sodium.dll (No se puede encontrar el m\xc3\xb3dulo especificado)) in Unknown on line 0
[Sat Feb 15 16:39:55.665551 2025] [mpm_winnt:notice] [pid 11588:tid 436] AH00354: Child: Starting 64 worker threads.
[Sat Feb 15 16:41:39.868978 2025] [mpm_winnt:notice] [pid 14180:tid 424] AH00422: Parent: Received shutdown signal -- Shutting down the server.
[Sat Feb 15 16:41:41.887911 2025] [mpm_winnt:notice] [pid 11588:tid 436] AH00364: Child: All worker threads have exited.
[Sat Feb 15 16:41:41.917255 2025] [mpm_winnt:notice] [pid 14180:tid 424] AH00430: Parent: Child process 11588 exited successfully.
AH00558: httpd.exe: Could not reliably determine the server's fully qualified domain name, using fe80::5849:3c01:1d4e:b1df. Set the 'ServerName' directive globally to suppress this message
PHP Warning:  PHP Startup: Unable to load dynamic library 'curl' (tried: C:/Pirulug/WAMP/PHP/ext\\curl (No se puede encontrar el m\xc3\xb3dulo especificado), C:/Pirulug/WAMP/PHP/ext\\php_curl.dll (No se encontr\xc3\xb3 el proceso especificado)) in Unknown on line 0
PHP Warning:  PHP Startup: Unable to load dynamic library 'sodium' (tried: C:/Pirulug/WAMP/PHP/ext\\sodium (No se puede encontrar el m\xc3\xb3dulo especificado), C:/Pirulug/WAMP/PHP/ext\\php_sodium.dll (No se encontr\xc3\xb3 el proceso especificado)) in Unknown on line 0
[Sat Feb 15 16:43:54.665906 2025] [mpm_winnt:notice] [pid 13732:tid 436] AH00455: Apache/2.4.63 (Win64) PHP/8.4.4 configured -- resuming normal operations
[Sat Feb 15 16:43:54.665906 2025] [mpm_winnt:notice] [pid 13732:tid 436] AH00456: Apache Lounge VS17 Server built: Feb  3 2025 10:10:51
[Sat Feb 15 16:43:54.665906 2025] [core:notice] [pid 13732:tid 436] AH00094: Command line: 'httpd.exe -d C:/Pirulug/WAMP/Apache'
[Sat Feb 15 16:43:54.672910 2025] [mpm_winnt:notice] [pid 13732:tid 436] AH00418: Parent: Created child process 11156
AH00558: httpd.exe: Could not reliably determine the server's fully qualified domain name, using fe80::5849:3c01:1d4e:b1df. Set the 'ServerName' directive globally to suppress this message
Apache server shutdown initiated...
ly determine the server's fully qualified domain name, using fe80::5849:3c01:1d4e:b1df. Set the 'ServerName' directive globally to suppress this message
PHP Warning:  PHP Startup: Unable to load dynamic library 'curl' (tried: C:/Pirulug/WAMP/PHP/ext\\curl (No se puede encontrar el m\xc3\xb3dulo especificado), C:/Pirulug/WAMP/PHP/ext\\php_curl.dll (No se encontr\xc3\xb3 el proceso especificado)) in Unknown on line 0
PHP Warning:  PHP Startup: Unable to load dynamic library 'sodium' (tried: C:/Pirulug/WAMP/PHP/ext\\sodium (No se puede encontrar el m\xc3\xb3dulo especificado), C:/Pirulug/WAMP/PHP/ext\\php_sodium.dll (No se encontr\xc3\xb3 el proceso especificado)) in Unknown on line 0
[Sat Feb 15 16:43:57.707139 2025] [mpm_winnt:notice] [pid 11156:tid 436] AH00354: Child: Starting 64 worker threads.
[Sat Feb 15 16:46:07.911262 2025] [mpm_winnt:notice] [pid 13732:tid 436] AH00422: Parent: Received shutdown signal -- Shutting down the server.
[Sat Feb 15 16:46:09.920867 2025] [mpm_winnt:notice] [pid 11156:tid 436] AH00364: Child: All worker threads have exited.
[Sat Feb 15 16:46:09.942681 2025] [mpm_winnt:notice] [pid 13732:tid 436] AH00430: Parent: Child process 11156 exited successfully.
AH00558: httpd.exe: Could not reliably determine the server's fully qualified domain name, using fe80::5849:3c01:1d4e:b1df. Set the 'ServerName' directive globally to suppress this message
PHP Warning:  PHP Startup: Unable to load dynamic library 'curl' (tried: C:/Pirulug/WAMP/PHP/ext\\curl (No se puede encontrar el m\xc3\xb3dulo especificado), C:/Pirulug/WAMP/PHP/ext\\php_curl.dll (No se encontr\xc3\xb3 el proceso especificado)) in Unknown on line 0
PHP Warning:  PHP Startup: Unable to load dynamic library 'sodium' (tried: C:/Pirulug/WAMP/PHP/ext\\sodium (No se puede encontrar el m\xc3\xb3dulo especificado), C:/Pirulug/WAMP/PHP/ext\\php_sodium.dll (No se encontr\xc3\xb3 el proceso especificado)) in Unknown on line 0
PHP Warning:  PHP Startup: Unable to load dynamic library 'ssh2' (tried: C:/Pirulug/WAMP/PHP/ext\\ssh2 (No se puede encontrar el m\xc3\xb3dulo especificado), C:/Pirulug/WAMP/PHP/ext\\php_ssh2.dll (No se puede encontrar el m\xc3\xb3dulo especificado)) in Unknown on line 0
[Sat Feb 15 16:46:15.985100 2025] [mpm_winnt:notice] [pid 6116:tid 484] AH00455: Apache/2.4.63 (Win64) PHP/8.4.4 configured -- resuming normal operations
[Sat Feb 15 16:46:15.985100 2025] [mpm_winnt:notice] [pid 6116:tid 484] AH00456: Apache Lounge VS17 Server built: Feb  3 2025 10:10:51
[Sat Feb 15 16:46:15.985100 2025] [core:notice] [pid 6116:tid 484] AH00094: Command line: 'httpd.exe -d C:/Pirulug/WAMP/Apache'
[Sat Feb 15 16:46:15.987100 2025] [mpm_winnt:notice] [pid 6116:tid 484] AH00418: Parent: Created child process 15004
AH00558: httpd.exe: Could not reliably determine the server's fully qualified domain name, using fe80::5849:3c01:1d4e:b1df. Set the 'ServerName' directive globally to suppress this message
AH00558: httpd.exe: Could not reliably determine the server's fully qualified domain name, using fe80::5849:3c01:1d4e:b1df. Set the 'ServerName' directive globally to suppress this message
PHP Warning:  PHP Startup: Unable to load dynamic library 'curl' (tried: C:/Pirulug/WAMP/PHP/ext\\curl (No se puede encontrar el m\xc3\xb3dulo especificado), C:/Pirulug/WAMP/PHP/ext\\php_curl.dll (No se encontr\xc3\xb3 el proceso especificado)) in Unknown on line 0
PHP Warning:  PHP Startup: Unable to load dynamic library 'sodium' (tried: C:/Pirulug/WAMP/PHP/ext\\sodium (No se puede encontrar el m\xc3\xb3dulo especificado), C:/Pirulug/WAMP/PHP/ext\\php_sodium.dll (No se encontr\xc3\xb3 el proceso especificado)) in Unknown on line 0
PHP Warning:  PHP Startup: Unable to load dynamic library 'ssh2' (tried: C:/Pirulug/WAMP/PHP/ext\\ssh2 (No se puede encontrar el m\xc3\xb3dulo especificado), C:/Pirulug/WAMP/PHP/ext\\php_ssh2.dll (No se puede encontrar el m\xc3\xb3dulo especificado)) in Unknown on line 0
[Sat Feb 15 16:46:18.485910 2025] [mpm_winnt:notice] [pid 15004:tid 444] AH00354: Child: Starting 64 worker threads.
AH00558: httpd.exe: Could not reliably determine the server's fully qualified domain name, using fe80::5849:3c01:1d4e:b1df. Set the 'ServerName' directive globally to suppress this message
[Sat Feb 15 16:47:28.645908 2025] [core:warn] [pid 12140:tid 424] AH00098: pid file C:/Pirulug/WAMP/Apache/logs/httpd.pid overwritten -- Unclean shutdown of previous Apache run?
PHP Warning:  PHP Startup: Unable to load dynamic library 'curl' (tried: C:/Pirulug/WAMP/PHP/ext\\curl (No se puede encontrar el m\xc3\xb3dulo especificado), C:/Pirulug/WAMP/PHP/ext\\php_curl.dll (No se encontr\xc3\xb3 el proceso especificado)) in Unknown on line 0
PHP Warning:  PHP Startup: Unable to load dynamic library 'sodium' (tried: C:/Pirulug/WAMP/PHP/ext\\sodium (No se puede encontrar el m\xc3\xb3dulo especificado), C:/Pirulug/WAMP/PHP/ext\\php_sodium.dll (No se encontr\xc3\xb3 el proceso especificado)) in Unknown on line 0
PHP Warning:  PHP Startup: Unable to load dynamic library 'ssh2' (tried: C:/Pirulug/WAMP/PHP/ext\\ssh2 (No se puede encontrar el m\xc3\xb3dulo especificado), C:/Pirulug/WAMP/PHP/ext\\php_ssh2.dll (No se puede encontrar el m\xc3\xb3dulo especificado)) in Unknown on line 0
[Sat Feb 15 16:47:33.351375 2025] [mpm_winnt:notice] [pid 12140:tid 424] AH00455: Apache/2.4.63 (Win64) PHP/8.4.4 configured -- resuming normal operations
[Sat Feb 15 16:47:33.351375 2025] [mpm_winnt:notice] [pid 12140:tid 424] AH00456: Apache Lounge VS17 Server built: Feb  3 2025 10:10:51
[Sat Feb 15 16:47:33.351375 2025] [core:notice] [pid 12140:tid 424] AH00094: Command line: 'httpd.exe -d C:/Pirulug/WAMP/Apache'
[Sat Feb 15 16:47:33.358380 2025] [mpm_winnt:notice] [pid 12140:tid 424] AH00418: Parent: Created child process 1980
AH00558: httpd.exe: Could not reliably determine the server's fully qualified domain name, using fe80::5849:3c01:1d4e:b1df. Set the 'ServerName' directive globally to suppress this message
Apache server shutdown initiated...
ly determine the server's fully qualified domain name, using fe80::5849:3c01:1d4e:b1df. Set the 'ServerName' directive globally to suppress this message
PHP Warning:  PHP Startup: Unable to load dynamic library 'curl' (tried: C:/Pirulug/WAMP/PHP/ext\\curl (No se puede encontrar el m\xc3\xb3dulo especificado), C:/Pirulug/WAMP/PHP/ext\\php_curl.dll (No se encontr\xc3\xb3 el proceso especificado)) in Unknown on line 0
PHP Warning:  PHP Startup: Unable to load dynamic library 'sodium' (tried: C:/Pirulug/WAMP/PHP/ext\\sodium (No se puede encontrar el m\xc3\xb3dulo especificado), C:/Pirulug/WAMP/PHP/ext\\php_sodium.dll (No se encontr\xc3\xb3 el proceso especificado)) in Unknown on line 0
PHP Warning:  PHP Startup: Unable to load dynamic library 'ssh2' (tried: C:/Pirulug/WAMP/PHP/ext\\ssh2 (No se puede encontrar el m\xc3\xb3dulo especificado), C:/Pirulug/WAMP/PHP/ext\\php_ssh2.dll (No se puede encontrar el m\xc3\xb3dulo especificado)) in Unknown on line 0
[Sat Feb 15 16:47:36.674725 2025] [mpm_winnt:notice] [pid 1980:tid 436] AH00354: Child: Starting 64 worker threads.
[Sat Feb 15 16:47:38.185479 2025] [mpm_winnt:notice] [pid 12140:tid 424] AH00422: Parent: Received shutdown signal -- Shutting down the server.
[Sat Feb 15 16:47:40.203532 2025] [mpm_winnt:notice] [pid 1980:tid 436] AH00364: Child: All worker threads have exited.
[Sat Feb 15 16:47:40.281127 2025] [mpm_winnt:notice] [pid 12140:tid 424] AH00430: Parent: Child process 1980 exited successfully.
AH00558: httpd.exe: Could not reliably determine the server's fully qualified domain name, using fe80::5849:3c01:1d4e:b1df. Set the 'ServerName' directive globally to suppress this message
PHP Warning:  PHP Startup: Unable to load dynamic library 'curl' (tried: C:/Pirulug/WAMP/PHP/ext\\curl (No se puede encontrar el m\xc3\xb3dulo especificado), C:/Pirulug/WAMP/PHP/ext\\php_curl.dll (No se encontr\xc3\xb3 el proceso especificado)) in Unknown on line 0
PHP Warning:  PHP Startup: Unable to load dynamic library 'sodium' (tried: C:/Pirulug/WAMP/PHP/ext\\sodium (No se puede encontrar el m\xc3\xb3dulo especificado), C:/Pirulug/WAMP/PHP/ext\\php_sodium.dll (No se encontr\xc3\xb3 el proceso especificado)) in Unknown on line 0
[Sat Feb 15 16:57:02.683551 2025] [mpm_winnt:notice] [pid 6948:tid 432] AH00455: Apache/2.4.63 (Win64) PHP/8.4.4 configured -- resuming normal operations
[Sat Feb 15 16:57:02.683551 2025] [mpm_winnt:notice] [pid 6948:tid 432] AH00456: Apache Lounge VS17 Server built: Feb  3 2025 10:10:51
[Sat Feb 15 16:57:02.683551 2025] [core:notice] [pid 6948:tid 432] AH00094: Command line: 'httpd.exe -d C:/Pirulug/WAMP/Apache'
[Sat Feb 15 16:57:02.687548 2025] [mpm_winnt:notice] [pid 6948:tid 432] AH00418: Parent: Created child process 13340
AH00558: httpd.exe: Could not reliably determine the server's fully qualified domain name, using fe80::5849:3c01:1d4e:b1df. Set the 'ServerName' directive globally to suppress this message
Apache server shutdown initiated...
ly determine the server's fully qualified domain name, using fe80::5849:3c01:1d4e:b1df. Set the 'ServerName' directive globally to suppress this message
PHP Warning:  PHP Startup: Unable to load dynamic library 'curl' (tried: C:/Pirulug/WAMP/PHP/ext\\curl (No se puede encontrar el m\xc3\xb3dulo especificado), C:/Pirulug/WAMP/PHP/ext\\php_curl.dll (No se encontr\xc3\xb3 el proceso especificado)) in Unknown on line 0
PHP Warning:  PHP Startup: Unable to load dynamic library 'sodium' (tried: C:/Pirulug/WAMP/PHP/ext\\sodium (No se puede encontrar el m\xc3\xb3dulo especificado), C:/Pirulug/WAMP/PHP/ext\\php_sodium.dll (No se encontr\xc3\xb3 el proceso especificado)) in Unknown on line 0
[Sat Feb 15 16:57:04.250193 2025] [mpm_winnt:notice] [pid 13340:tid 500] AH00354: Child: Starting 64 worker threads.
[Sat Feb 15 17:01:37.440789 2025] [mpm_winnt:notice] [pid 6948:tid 432] AH00422: Parent: Received shutdown signal -- Shutting down the server.
[Sat Feb 15 17:01:39.454827 2025] [mpm_winnt:notice] [pid 13340:tid 500] AH00364: Child: All worker threads have exited.
[Sat Feb 15 17:01:39.533248 2025] [mpm_winnt:notice] [pid 6948:tid 432] AH00430: Parent: Child process 13340 exited successfully.
AH00558: httpd.exe: Could not reliably determine the server's fully qualified domain name, using fe80::5849:3c01:1d4e:b1df. Set the 'ServerName' directive globally to suppress this message
PHP Warning:  PHP Startup: Unable to load dynamic library 'curl' (tried: C:/Pirulug/WAMP/PHP/ext\\curl (No se puede encontrar el m\xc3\xb3dulo especificado), C:/Pirulug/WAMP/PHP/ext\\php_curl.dll (No se encontr\xc3\xb3 el proceso especificado)) in Unknown on line 0
PHP Warning:  PHP Startup: Unable to load dynamic library 'sodium' (tried: C:/Pirulug/WAMP/PHP/ext\\sodium (No se puede encontrar el m\xc3\xb3dulo especificado), C:/Pirulug/WAMP/PHP/ext\\php_sodium.dll (No se encontr\xc3\xb3 el proceso especificado)) in Unknown on line 0
[Sat Feb 15 17:01:58.347230 2025] [mpm_winnt:notice] [pid 6404:tid 456] AH00455: Apache/2.4.63 (Win64) PHP/8.4.4 configured -- resuming normal operations
[Sat Feb 15 17:01:58.347230 2025] [mpm_winnt:notice] [pid 6404:tid 456] AH00456: Apache Lounge VS17 Server built: Feb  3 2025 10:10:51
[Sat Feb 15 17:01:58.347230 2025] [core:notice] [pid 6404:tid 456] AH00094: Command line: 'httpd.exe -d C:/Pirulug/WAMP/Apache'
[Sat Feb 15 17:01:58.352246 2025] [mpm_winnt:notice] [pid 6404:tid 456] AH00418: Parent: Created child process 15304
AH00558: httpd.exe: Could not reliably determine the server's fully qualified domain name, using fe80::5849:3c01:1d4e:b1df. Set the 'ServerName' directive globally to suppress this message
Apache server shutdown initiated...
ly determine the server's fully qualified domain name, using fe80::5849:3c01:1d4e:b1df. Set the 'ServerName' directive globally to suppress this message
PHP Warning:  PHP Startup: Unable to load dynamic library 'curl' (tried: C:/Pirulug/WAMP/PHP/ext\\curl (No se puede encontrar el m\xc3\xb3dulo especificado), C:/Pirulug/WAMP/PHP/ext\\php_curl.dll (No se encontr\xc3\xb3 el proceso especificado)) in Unknown on line 0
PHP Warning:  PHP Startup: Unable to load dynamic library 'sodium' (tried: C:/Pirulug/WAMP/PHP/ext\\sodium (No se puede encontrar el m\xc3\xb3dulo especificado), C:/Pirulug/WAMP/PHP/ext\\php_sodium.dll (No se encontr\xc3\xb3 el proceso especificado)) in Unknown on line 0
[Sat Feb 15 17:02:00.089702 2025] [mpm_winnt:notice] [pid 15304:tid 428] AH00354: Child: Starting 64 worker threads.
[Sat Feb 15 17:02:04.892046 2025] [mpm_winnt:notice] [pid 6404:tid 456] AH00422: Parent: Received shutdown signal -- Shutting down the server.
[Sat Feb 15 17:02:06.896412 2025] [mpm_winnt:notice] [pid 15304:tid 428] AH00364: Child: All worker threads have exited.
[Sat Feb 15 17:02:06.936146 2025] [mpm_winnt:notice] [pid 6404:tid 456] AH00430: Parent: Child process 15304 exited successfully.
AH00558: httpd.exe: Could not reliably determine the server's fully qualified domain name, using fe80::5849:3c01:1d4e:b1df. Set the 'ServerName' directive globally to suppress this message
PHP Warning:  PHP Startup: Unable to load dynamic library 'curl' (tried: C:/Pirulug/WAMP/PHP/ext\\curl (No se puede encontrar el m\xc3\xb3dulo especificado), C:/Pirulug/WAMP/PHP/ext\\php_curl.dll (No se encontr\xc3\xb3 el proceso especificado)) in Unknown on line 0
PHP Warning:  PHP Startup: Unable to load dynamic library 'sodium' (tried: C:/Pirulug/WAMP/PHP/ext\\sodium (No se puede encontrar el m\xc3\xb3dulo especificado), C:/Pirulug/WAMP/PHP/ext\\php_sodium.dll (No se encontr\xc3\xb3 el proceso especificado)) in Unknown on line 0
[Sat Feb 15 17:03:16.134960 2025] [mpm_winnt:notice] [pid 13476:tid 424] AH00455: Apache/2.4.63 (Win64) PHP/8.4.4 configured -- resuming normal operations
[Sat Feb 15 17:03:16.134960 2025] [mpm_winnt:notice] [pid 13476:tid 424] AH00456: Apache Lounge VS17 Server built: Feb  3 2025 10:10:51
[Sat Feb 15 17:03:16.134960 2025] [core:notice] [pid 13476:tid 424] AH00094: Command line: 'httpd.exe -d C:/Pirulug/WAMP/Apache'
[Sat Feb 15 17:03:16.140071 2025] [mpm_winnt:notice] [pid 13476:tid 424] AH00418: Parent: Created child process 13600
AH00558: httpd.exe: Could not reliably determine the server's fully qualified domain name, using fe80::5849:3c01:1d4e:b1df. Set the 'ServerName' directive globally to suppress this message
Apache server shutdown initiated...
ly determine the server's fully qualified domain name, using fe80::5849:3c01:1d4e:b1df. Set the 'ServerName' directive globally to suppress this message
PHP Warning:  PHP Startup: Unable to load dynamic library 'curl' (tried: C:/Pirulug/WAMP/PHP/ext\\curl (No se puede encontrar el m\xc3\xb3dulo especificado), C:/Pirulug/WAMP/PHP/ext\\php_curl.dll (No se encontr\xc3\xb3 el proceso especificado)) in Unknown on line 0
PHP Warning:  PHP Startup: Unable to load dynamic library 'sodium' (tried: C:/Pirulug/WAMP/PHP/ext\\sodium (No se puede encontrar el m\xc3\xb3dulo especificado), C:/Pirulug/WAMP/PHP/ext\\php_sodium.dll (No se encontr\xc3\xb3 el proceso especificado)) in Unknown on line 0
[Sat Feb 15 17:03:18.802872 2025] [mpm_winnt:notice] [pid 13600:tid 428] AH00354: Child: Starting 64 worker threads.
[Sat Feb 15 17:04:24.356912 2025] [mpm_winnt:notice] [pid 13476:tid 424] AH00422: Parent: Received shutdown signal -- Shutting down the server.
[Sat Feb 15 17:04:28.021269 2025] [mpm_winnt:notice] [pid 13600:tid 428] AH00364: Child: All worker threads have exited.
[Sat Feb 15 17:04:28.060803 2025] [mpm_winnt:notice] [pid 13476:tid 424] AH00430: Parent: Child process 13600 exited successfully.
AH00558: httpd.exe: Could not reliably determine the server's fully qualified domain name, using fe80::5849:3c01:1d4e:b1df. Set the 'ServerName' directive globally to suppress this message
PHP Warning:  PHP Startup: Unable to load dynamic library 'curl' (tried: C:/Pirulug/WAMP/PHP/ext\\curl (No se puede encontrar el m\xc3\xb3dulo especificado), C:/Pirulug/WAMP/PHP/ext\\php_curl.dll (No se encontr\xc3\xb3 el proceso especificado)) in Unknown on line 0
PHP Warning:  PHP Startup: Unable to load dynamic library 'sodium' (tried: C:/Pirulug/WAMP/PHP/ext\\sodium (No se puede encontrar el m\xc3\xb3dulo especificado), C:/Pirulug/WAMP/PHP/ext\\php_sodium.dll (No se encontr\xc3\xb3 el proceso especificado)) in Unknown on line 0
[Sat Feb 15 17:04:39.339984 2025] [mpm_winnt:notice] [pid 1356:tid 432] AH00455: Apache/2.4.63 (Win64) PHP/8.4.4 configured -- resuming normal operations
[Sat Feb 15 17:04:39.339984 2025] [mpm_winnt:notice] [pid 1356:tid 432] AH00456: Apache Lounge VS17 Server built: Feb  3 2025 10:10:51
[Sat Feb 15 17:04:39.339984 2025] [core:notice] [pid 1356:tid 432] AH00094: Command line: 'httpd.exe -d C:/Pirulug/WAMP/Apache'
[Sat Feb 15 17:04:39.344973 2025] [mpm_winnt:notice] [pid 1356:tid 432] AH00418: Parent: Created child process 14028
AH00558: httpd.exe: Could not reliably determine the server's fully qualified domain name, using fe80::5849:3c01:1d4e:b1df. Set the 'ServerName' directive globally to suppress this message
Apache server shutdown initiated...
ly determine the server's fully qualified domain name, using fe80::5849:3c01:1d4e:b1df. Set the 'ServerName' directive globally to suppress this message
PHP Warning:  PHP Startup: Unable to load dynamic library 'curl' (tried: C:/Pirulug/WAMP/PHP/ext\\curl (No se puede encontrar el m\xc3\xb3dulo especificado), C:/Pirulug/WAMP/PHP/ext\\php_curl.dll (No se encontr\xc3\xb3 el proceso especificado)) in Unknown on line 0
PHP Warning:  PHP Startup: Unable to load dynamic library 'sodium' (tried: C:/Pirulug/WAMP/PHP/ext\\sodium (No se puede encontrar el m\xc3\xb3dulo especificado), C:/Pirulug/WAMP/PHP/ext\\php_sodium.dll (No se encontr\xc3\xb3 el proceso especificado)) in Unknown on line 0
[Sat Feb 15 17:04:41.285077 2025] [mpm_winnt:notice] [pid 14028:tid 424] AH00354: Child: Starting 64 worker threads.
[Sat Feb 15 17:08:25.782599 2025] [mpm_winnt:notice] [pid 1356:tid 432] AH00422: Parent: Received shutdown signal -- Shutting down the server.
[Sat Feb 15 17:08:27.790449 2025] [mpm_winnt:notice] [pid 14028:tid 424] AH00364: Child: All worker threads have exited.
[Sat Feb 15 17:08:27.835245 2025] [mpm_winnt:notice] [pid 1356:tid 432] AH00430: Parent: Child process 14028 exited successfully.
AH00558: httpd.exe: Could not reliably determine the server's fully qualified domain name, using fe80::5849:3c01:1d4e:b1df. Set the 'ServerName' directive globally to suppress this message
[Sat Feb 15 17:10:32.154107 2025] [mpm_winnt:notice] [pid 2332:tid 436] AH00455: Apache/2.4.63 (Win64) PHP/8.3.17 configured -- resuming normal operations
[Sat Feb 15 17:10:32.154107 2025] [mpm_winnt:notice] [pid 2332:tid 436] AH00456: Apache Lounge VS17 Server built: Feb  3 2025 10:10:51
[Sat Feb 15 17:10:32.154107 2025] [core:notice] [pid 2332:tid 436] AH00094: Command line: 'httpd.exe -d C:/Pirulug/WAMP/Apache'
[Sat Feb 15 17:10:32.160108 2025] [mpm_winnt:notice] [pid 2332:tid 436] AH00418: Parent: Created child process 4364
AH00558: httpd.exe: Could not reliably determine the server's fully qualified domain name, using fe80::5849:3c01:1d4e:b1df. Set the 'ServerName' directive globally to suppress this message
Apache server shutdown initiated...
ly determine the server's fully qualified domain name, using fe80::5849:3c01:1d4e:b1df. Set the 'ServerName' directive globally to suppress this message
[Sat Feb 15 17:10:32.716081 2025] [mpm_winnt:notice] [pid 4364:tid 428] AH00354: Child: Starting 64 worker threads.
[Sat Feb 15 17:11:23.480753 2025] [php:warn] [pid 4364:tid 1276] [client ::1:50086] PHP Warning:  phpMyAdmin intent\xc3\xb3 conectarse con el servidor MySQL, y el servidor rechaz\xc3\xb3 esta conexi\xc3\xb3n. Deber\xc3\xa1 revisar el host, nombre de usuario y contrase\xc3\xb1a en config.inc.php y asegurarse que corresponden con la informaci\xc3\xb3n provista por el administrador del servidor MySQL. in C:\\Pirulug\\WAMP\\phpMyAdmin\\src\\Plugins\\Auth\\AuthenticationConfig.php on line 125, referer: http://localhost/phpmyadmin/
[Sat Feb 15 17:11:40.333039 2025] [php:warn] [pid 4364:tid 1256] [client ::1:50104] PHP Warning:  phpMyAdmin intent\xc3\xb3 conectarse con el servidor MySQL, y el servidor rechaz\xc3\xb3 esta conexi\xc3\xb3n. Deber\xc3\xa1 revisar el host, nombre de usuario y contrase\xc3\xb1a en config.inc.php y asegurarse que corresponden con la informaci\xc3\xb3n provista por el administrador del servidor MySQL. in C:\\Pirulug\\WAMP\\phpMyAdmin\\src\\Plugins\\Auth\\AuthenticationConfig.php on line 125, referer: http://localhost/phpmyadmin/public/
[Sat Feb 15 17:11:42.464289 2025] [php:warn] [pid 4364:tid 1256] [client ::1:50104] PHP Warning:  phpMyAdmin intent\xc3\xb3 conectarse con el servidor MySQL, y el servidor rechaz\xc3\xb3 esta conexi\xc3\xb3n. Deber\xc3\xa1 revisar el host, nombre de usuario y contrase\xc3\xb1a en config.inc.php y asegurarse que corresponden con la informaci\xc3\xb3n provista por el administrador del servidor MySQL. in C:\\Pirulug\\WAMP\\phpMyAdmin\\src\\Plugins\\Auth\\AuthenticationConfig.php on line 125, referer: http://localhost/phpmyadmin/public/
[Sat Feb 15 17:12:44.132460 2025] [php:warn] [pid 4364:tid 1256] [client ::1:50138] PHP Warning:  phpMyAdmin intent\xc3\xb3 conectarse con el servidor MySQL, y el servidor rechaz\xc3\xb3 esta conexi\xc3\xb3n. Deber\xc3\xa1 revisar el host, nombre de usuario y contrase\xc3\xb1a en config.inc.php y asegurarse que corresponden con la informaci\xc3\xb3n provista por el administrador del servidor MySQL. in C:\\Pirulug\\WAMP\\phpMyAdmin\\src\\Plugins\\Auth\\AuthenticationConfig.php on line 125, referer: http://localhost/phpmyadmin/public/
[Sat Feb 15 17:12:47.093785 2025] [php:warn] [pid 4364:tid 1256] [client ::1:50138] PHP Warning:  phpMyAdmin intent\xc3\xb3 conectarse con el servidor MySQL, y el servidor rechaz\xc3\xb3 esta conexi\xc3\xb3n. Deber\xc3\xa1 revisar el host, nombre de usuario y contrase\xc3\xb1a en config.inc.php y asegurarse que corresponden con la informaci\xc3\xb3n provista por el administrador del servidor MySQL. in C:\\Pirulug\\WAMP\\phpMyAdmin\\src\\Plugins\\Auth\\AuthenticationConfig.php on line 125, referer: http://localhost/phpmyadmin/public/index.php?route=/
[Sat Feb 15 17:13:22.976427 2025] [php:warn] [pid 4364:tid 1256] [client ::1:50160] PHP Warning:  1045: Access denied for user 'root'@'localhost' (using password: YES) in C:\\Pirulug\\WAMP\\phpMyAdmin\\src\\Dbal\\DatabaseInterface.php on line 1609, referer: http://localhost/phpmyadmin/public/index.php?route=/
[Sat Feb 15 17:13:30.590252 2025] [php:warn] [pid 4364:tid 1256] [client ::1:50166] PHP Warning:  1045: Access denied for user 'root'@'localhost' (using password: YES) in C:\\Pirulug\\WAMP\\phpMyAdmin\\src\\Dbal\\DatabaseInterface.php on line 1609, referer: http://localhost/phpmyadmin/public/index.php?route=/
[Sat Feb 15 17:14:13.173010 2025] [php:warn] [pid 4364:tid 1256] [client ::1:50188] PHP Warning:  1045: Access denied for user 'root'@'localhost' (using password: YES) in C:\\Pirulug\\WAMP\\phpMyAdmin\\src\\Dbal\\DatabaseInterface.php on line 1609, referer: http://localhost/phpmyadmin/public/index.php?route=/
[Sat Feb 15 17:18:00.230594 2025] [php:warn] [pid 4364:tid 1264] [client ::1:50225] PHP Warning:  1045: Access denied for user 'root'@'localhost' (using password: YES) in C:\\Pirulug\\WAMP\\phpMyAdmin\\src\\Dbal\\DatabaseInterface.php on line 1609, referer: http://localhost/phpmyadmin/public/index.php?route=/
[Sat Feb 15 17:29:23.556494 2025] [mpm_winnt:notice] [pid 2332:tid 436] AH00422: Parent: Received shutdown signal -- Shutting down the server.
[Sat Feb 15 17:29:25.567437 2025] [mpm_winnt:notice] [pid 4364:tid 428] AH00364: Child: All worker threads have exited.
[Sat Feb 15 17:29:25.621107 2025] [mpm_winnt:notice] [pid 2332:tid 436] AH00430: Parent: Child process 4364 exited successfully.
AH00558: httpd.exe: Could not reliably determine the server's fully qualified domain name, using fe80::5849:3c01:1d4e:b1df. Set the 'ServerName' directive globally to suppress this message
[Sat Feb 15 17:30:03.893102 2025] [mpm_winnt:notice] [pid 2916:tid 424] AH00455: Apache/2.4.63 (Win64) PHP/8.3.17 configured -- resuming normal operations
[Sat Feb 15 17:30:03.893102 2025] [mpm_winnt:notice] [pid 2916:tid 424] AH00456: Apache Lounge VS17 Server built: Feb  3 2025 10:10:51
[Sat Feb 15 17:30:03.893102 2025] [core:notice] [pid 2916:tid 424] AH00094: Command line: 'httpd.exe -d C:/Pirulug/WAMP/Apache'
[Sat Feb 15 17:30:03.898103 2025] [mpm_winnt:notice] [pid 2916:tid 424] AH00418: Parent: Created child process 13284
AH00558: httpd.exe: Could not reliably determine the server's fully qualified domain name, using fe80::5849:3c01:1d4e:b1df. Set the 'ServerName' directive globally to suppress this message
Apache server shutdown initiated...
ly determine the server's fully qualified domain name, using fe80::5849:3c01:1d4e:b1df. Set the 'ServerName' directive globally to suppress this message
[Sat Feb 15 17:30:04.581818 2025] [mpm_winnt:notice] [pid 13284:tid 452] AH00354: Child: Starting 64 worker threads.
[Sat Feb 15 17:30:54.348514 2025] [php:error] [pid 13284:tid 1280] [client 127.0.0.1:50295] PHP Parse error:  syntax error, unexpected end of file, expecting "," or ";" in C:\\Pirulug\\WAMP\\www\\proyecto\\index.php on line 3
[Sat Feb 15 17:30:56.548993 2025] [php:error] [pid 13284:tid 1280] [client 127.0.0.1:50295] PHP Parse error:  syntax error, unexpected end of file, expecting "," or ";" in C:\\Pirulug\\WAMP\\www\\proyecto\\index.php on line 3
[Sat Feb 15 17:33:59.340295 2025] [mpm_winnt:notice] [pid 2916:tid 424] AH00422: Parent: Received shutdown signal -- Shutting down the server.
[Sat Feb 15 17:34:01.344654 2025] [mpm_winnt:notice] [pid 13284:tid 452] AH00364: Child: All worker threads have exited.
[Sat Feb 15 17:34:01.372342 2025] [mpm_winnt:notice] [pid 2916:tid 424] AH00430: Parent: Child process 13284 exited successfully.
AH00558: httpd.exe: Could not reliably determine the server's fully qualified domain name, using fe80::5849:3c01:1d4e:b1df. Set the 'ServerName' directive globally to suppress this message
[Sat Feb 15 23:04:54.613182 2025] [mpm_winnt:notice] [pid 13508:tid 460] AH00455: Apache/2.4.63 (Win64) PHP/8.3.17 configured -- resuming normal operations
[Sat Feb 15 23:04:54.614188 2025] [mpm_winnt:notice] [pid 13508:tid 460] AH00456: Apache Lounge VS17 Server built: Feb  3 2025 10:10:51
[Sat Feb 15 23:04:54.614188 2025] [core:notice] [pid 13508:tid 460] AH00094: Command line: 'C:\\Pirulug\\WAMP\\Apache\\bin\\httpd.exe -d C:/Pirulug/WAMP/Apache'
[Sat Feb 15 23:04:54.618497 2025] [mpm_winnt:notice] [pid 13508:tid 460] AH00418: Parent: Created child process 7420
AH00558: httpd.exe: Could not reliably determine the server's fully qualified domain name, using fe80::5849:3c01:1d4e:b1df. Set the 'ServerName' directive globally to suppress this message
AH00558: httpd.exe: Could not reliably determine the server's fully qualified domain name, using fe80::5849:3c01:1d4e:b1df. Set the 'ServerName' directive globally to suppress this message
[Sat Feb 15 23:04:55.005259 2025] [mpm_winnt:notice] [pid 7420:tid 480] AH00354: Child: Starting 64 worker threads.
[Sat Feb 15 23:06:32.724373 2025] [mpm_winnt:notice] [pid 13508:tid 460] AH00428: Parent: child process 7420 exited with status 1 -- Restarting.
AH00558: httpd.exe: Could not reliably determine the server's fully qualified domain name, using fe80::5849:3c01:1d4e:b1df. Set the 'ServerName' directive globally to suppress this message
[Sat Feb 15 23:06:32.752380 2025] [mpm_winnt:notice] [pid 13508:tid 460] AH00455: Apache/2.4.63 (Win64) PHP/8.3.17 configured -- resuming normal operations
[Sat Feb 15 23:06:32.752380 2025] [mpm_winnt:notice] [pid 13508:tid 460] AH00456: Apache Lounge VS17 Server built: Feb  3 2025 10:10:51
[Sat Feb 15 23:06:32.752380 2025] [core:notice] [pid 13508:tid 460] AH00094: Command line: 'C:\\Pirulug\\WAMP\\Apache\\bin\\httpd.exe -d C:/Pirulug/WAMP/Apache'
[Sat Feb 15 23:06:32.756380 2025] [mpm_winnt:notice] [pid 13508:tid 460] AH00418: Parent: Created child process 2084
AH00558: httpd.exe: Could not reliably determine the server's fully qualified domain name, using fe80::5849:3c01:1d4e:b1df. Set the 'ServerName' directive globally to suppress this message
AH00558: httpd.exe: Could not reliably determine the server's fully qualified domain name, using fe80::5849:3c01:1d4e:b1df. Set the 'ServerName' directive globally to suppress this message
[Sat Feb 15 23:06:33.131351 2025] [mpm_winnt:notice] [pid 2084:tid 480] AH00354: Child: Starting 64 worker threads.
[Sat Feb 15 23:06:36.227584 2025] [mpm_winnt:crit] [pid 2084:tid 480] AH02538: Child: Parent process exited abruptly. Child process is ending
[Sat Feb 15 23:06:36.227584 2025] [mpm_winnt:warn] [pid 2084:tid 804] (OS 995)La operacin de E/S se anul por una salida de subproceso o por una solicitud de aplicacin.  : AH00341: winnt_accept: Asynchronous AcceptEx failed.
[Sat Feb 15 23:06:36.227584 2025] [mpm_winnt:warn] [pid 2084:tid 800] (OS 995)La operacin de E/S se anul por una salida de subproceso o por una solicitud de aplicacin.  : AH00341: winnt_accept: Asynchronous AcceptEx failed.
[Sat Feb 15 23:06:38.245549 2025] [mpm_winnt:notice] [pid 2084:tid 480] AH00364: Child: All worker threads have exited.
AH00558: httpd.exe: Could not reliably determine the server's fully qualified domain name, using fe80::5849:3c01:1d4e:b1df. Set the 'ServerName' directive globally to suppress this message
[Sat Feb 15 23:06:48.057583 2025] [core:warn] [pid 13964:tid 448] AH00098: pid file C:/Pirulug/WAMP/Apache/logs/httpd.pid overwritten -- Unclean shutdown of previous Apache run?
[Sat Feb 15 23:06:48.077556 2025] [mpm_winnt:notice] [pid 13964:tid 448] AH00455: Apache/2.4.63 (Win64) PHP/8.3.17 configured -- resuming normal operations
[Sat Feb 15 23:06:48.077556 2025] [mpm_winnt:notice] [pid 13964:tid 448] AH00456: Apache Lounge VS17 Server built: Feb  3 2025 10:10:51
[Sat Feb 15 23:06:48.077556 2025] [core:notice] [pid 13964:tid 448] AH00094: Command line: 'httpd.exe -d C:/Pirulug/WAMP/Apache'
[Sat Feb 15 23:06:48.080954 2025] [mpm_winnt:notice] [pid 13964:tid 448] AH00418: Parent: Created child process 5196
AH00558: httpd.exe: Could not reliably determine the server's fully qualified domain name, using fe80::5849:3c01:1d4e:b1df. Set the 'ServerName' directive globally to suppress this message
Apache server shutdown initiated...
ly determine the server's fully qualified domain name, using fe80::5849:3c01:1d4e:b1df. Set the 'ServerName' directive globally to suppress this message
[Sat Feb 15 23:06:48.356204 2025] [mpm_winnt:notice] [pid 5196:tid 436] AH00354: Child: Starting 64 worker threads.
[Sat Feb 15 23:08:41.068477 2025] [mpm_winnt:notice] [pid 13964:tid 448] AH00422: Parent: Received shutdown signal -- Shutting down the server.
[Sat Feb 15 23:08:43.084775 2025] [mpm_winnt:notice] [pid 5196:tid 436] AH00364: Child: All worker threads have exited.
[Sat Feb 15 23:08:43.105607 2025] [mpm_winnt:notice] [pid 13964:tid 448] AH00430: Parent: Child process 5196 exited successfully.
[Sat Feb 15 23:09:14.079161 2025] [mpm_winnt:notice] [pid 9376:tid 440] AH00455: Apache/2.4.63 (Win64) PHP/8.3.17 configured -- resuming normal operations
[Sat Feb 15 23:09:14.079161 2025] [mpm_winnt:notice] [pid 9376:tid 440] AH00456: Apache Lounge VS17 Server built: Feb  3 2025 10:10:51
[Sat Feb 15 23:09:14.080169 2025] [core:notice] [pid 9376:tid 440] AH00094: Command line: 'httpd.exe -d C:/Pirulug/WAMP/Apache'
[Sat Feb 15 23:09:14.083154 2025] [mpm_winnt:notice] [pid 9376:tid 440] AH00418: Parent: Created child process 14460
Apache server shutdown initiated...
pm_winnt:notice] [pid 14460:tid 428] AH00354: Child: Starting 64 worker threads.
[Sat Feb 15 23:10:20.271966 2025] [mpm_winnt:notice] [pid 9376:tid 440] AH00422: Parent: Received shutdown signal -- Shutting down the server.
[Sat Feb 15 23:10:24.914222 2025] [mpm_winnt:notice] [pid 14460:tid 428] AH00364: Child: All worker threads have exited.
[Sat Feb 15 23:10:24.933500 2025] [mpm_winnt:notice] [pid 9376:tid 440] AH00430: Parent: Child process 14460 exited successfully.
[Sat Feb 15 23:10:28.907801 2025] [mpm_winnt:notice] [pid 10432:tid 428] AH00455: Apache/2.4.63 (Win64) PHP/8.3.17 configured -- resuming normal operations
[Sat Feb 15 23:10:28.907801 2025] [mpm_winnt:notice] [pid 10432:tid 428] AH00456: Apache Lounge VS17 Server built: Feb  3 2025 10:10:51
[Sat Feb 15 23:10:28.907801 2025] [core:notice] [pid 10432:tid 428] AH00094: Command line: 'httpd.exe -d C:/Pirulug/WAMP/Apache'
[Sat Feb 15 23:10:28.911798 2025] [mpm_winnt:notice] [pid 10432:tid 428] AH00418: Parent: Created child process 7420
Apache server shutdown initiated...
pm_winnt:notice] [pid 7420:tid 468] AH00354: Child: Starting 64 worker threads.
[Sat Feb 15 23:12:53.351597 2025] [mpm_winnt:notice] [pid 10432:tid 428] AH00422: Parent: Received shutdown signal -- Shutting down the server.
[Sat Feb 15 23:12:55.920346 2025] [mpm_winnt:notice] [pid 7420:tid 468] AH00364: Child: All worker threads have exited.
[Sat Feb 15 23:12:55.940718 2025] [mpm_winnt:notice] [pid 10432:tid 428] AH00430: Parent: Child process 7420 exited successfully.
AH00112: Warning: DocumentRoot [C:/Pirulug/WAMP/www/proyecto2] does not exist
[Sat Feb 15 23:12:58.518553 2025] [mpm_winnt:notice] [pid 14392:tid 452] AH00455: Apache/2.4.63 (Win64) PHP/8.3.17 configured -- resuming normal operations
[Sat Feb 15 23:12:58.518553 2025] [mpm_winnt:notice] [pid 14392:tid 452] AH00456: Apache Lounge VS17 Server built: Feb  3 2025 10:10:51
[Sat Feb 15 23:12:58.518553 2025] [core:notice] [pid 14392:tid 452] AH00094: Command line: 'httpd.exe -d C:/Pirulug/WAMP/Apache'
[Sat Feb 15 23:12:58.521548 2025] [mpm_winnt:notice] [pid 14392:tid 452] AH00418: Parent: Created child process 172
AH00112: Warning: DocumentRoot [C:/Pirulug/WAMP/www/proyecto2] does not exist
Apache server shutdown initiated...
irulug/WAMP/www/proyecto2] does not exist
[Sat Feb 15 23:12:58.798675 2025] [mpm_winnt:notice] [pid 172:tid 452] AH00354: Child: Starting 64 worker threads.
[Sat Feb 15 23:13:35.475187 2025] [mpm_winnt:notice] [pid 14392:tid 452] AH00422: Parent: Received shutdown signal -- Shutting down the server.
[Sat Feb 15 23:13:39.354584 2025] [mpm_winnt:notice] [pid 172:tid 452] AH00364: Child: All worker threads have exited.
[Sat Feb 15 23:13:39.373358 2025] [mpm_winnt:notice] [pid 14392:tid 452] AH00430: Parent: Child process 172 exited successfully.
[Sat Feb 15 23:13:41.195298 2025] [mpm_winnt:notice] [pid 8392:tid 436] AH00455: Apache/2.4.63 (Win64) PHP/8.3.17 configured -- resuming normal operations
[Sat Feb 15 23:13:41.195298 2025] [mpm_winnt:notice] [pid 8392:tid 436] AH00456: Apache Lounge VS17 Server built: Feb  3 2025 10:10:51
[Sat Feb 15 23:13:41.195298 2025] [core:notice] [pid 8392:tid 436] AH00094: Command line: 'httpd.exe -d C:/Pirulug/WAMP/Apache'
[Sat Feb 15 23:13:41.198291 2025] [mpm_winnt:notice] [pid 8392:tid 436] AH00418: Parent: Created child process 3668
Apache server shutdown initiated...
pm_winnt:notice] [pid 3668:tid 440] AH00354: Child: Starting 64 worker threads.
[Sat Feb 15 23:15:09.100437 2025] [php:warn] [pid 3668:tid 1116] [client ::1:49808] PHP Warning:  2002: No se puede establecer una conexi\xc3\xb3n ya que el equipo de destino deneg\xc3\xb3 expresamente dicha conexi\xc3\xb3n in C:\\Pirulug\\WAMP\\phpMyAdmin\\src\\Dbal\\DatabaseInterface.php on line 1609, referer: http://localhost/phpmyadmin/public/index.php?route=/
[Sat Feb 15 23:15:09.459608 2025] [php:warn] [pid 3668:tid 1116] [client ::1:49808] PHP Warning:  phpMyAdmin intent\xc3\xb3 conectarse con el servidor MySQL, y el servidor rechaz\xc3\xb3 esta conexi\xc3\xb3n. Deber\xc3\xa1 revisar el host, nombre de usuario y contrase\xc3\xb1a en config.inc.php y asegurarse que corresponden con la informaci\xc3\xb3n provista por el administrador del servidor MySQL. in C:\\Pirulug\\WAMP\\phpMyAdmin\\src\\Plugins\\Auth\\AuthenticationConfig.php on line 125, referer: http://localhost/phpmyadmin/public/index.php?route=/
[Sat Feb 15 23:16:49.360962 2025] [mpm_winnt:notice] [pid 8392:tid 436] AH00422: Parent: Received shutdown signal -- Shutting down the server.
[Sat Feb 15 23:16:51.373778 2025] [mpm_winnt:notice] [pid 3668:tid 440] AH00364: Child: All worker threads have exited.
[Sat Feb 15 23:16:51.394714 2025] [mpm_winnt:notice] [pid 8392:tid 436] AH00430: Parent: Child process 3668 exited successfully.
[Sat Feb 15 23:16:57.930942 2025] [mpm_winnt:notice] [pid 2296:tid 448] AH00455: Apache/2.4.63 (Win64) PHP/8.3.17 configured -- resuming normal operations
[Sat Feb 15 23:16:57.930942 2025] [mpm_winnt:notice] [pid 2296:tid 448] AH00456: Apache Lounge VS17 Server built: Feb  3 2025 10:10:51
[Sat Feb 15 23:16:57.930942 2025] [core:notice] [pid 2296:tid 448] AH00094: Command line: 'httpd.exe -d C:/Pirulug/WAMP/Apache'
[Sat Feb 15 23:16:57.933942 2025] [mpm_winnt:notice] [pid 2296:tid 448] AH00418: Parent: Created child process 14832
Apache server shutdown initiated...
pm_winnt:notice] [pid 14832:tid 428] AH00354: Child: Starting 64 worker threads.
[Sat Feb 15 23:18:53.910930 2025] [mpm_winnt:notice] [pid 2296:tid 448] AH00422: Parent: Received shutdown signal -- Shutting down the server.
[Sat Feb 15 23:18:55.916287 2025] [mpm_winnt:notice] [pid 14832:tid 428] AH00364: Child: All worker threads have exited.
[Sat Feb 15 23:18:55.936628 2025] [mpm_winnt:notice] [pid 2296:tid 448] AH00430: Parent: Child process 14832 exited successfully.
[Sat Feb 15 23:18:57.828691 2025] [mpm_winnt:notice] [pid 16156:tid 440] AH00455: Apache/2.4.63 (Win64) PHP/8.3.17 configured -- resuming normal operations
[Sat Feb 15 23:18:57.828691 2025] [mpm_winnt:notice] [pid 16156:tid 440] AH00456: Apache Lounge VS17 Server built: Feb  3 2025 10:10:51
[Sat Feb 15 23:18:57.828691 2025] [core:notice] [pid 16156:tid 440] AH00094: Command line: 'httpd.exe -d C:/Pirulug/WAMP/Apache'
[Sat Feb 15 23:18:57.830698 2025] [mpm_winnt:notice] [pid 16156:tid 440] AH00418: Parent: Created child process 6728
